2022-06-08T08:49:59+00:00 CRITICAL Uncaught TypeError: call_user_func_array(): Argument #1 ($callback) must be a valid callback, class WC_Gateway_Processing does not have a method "callback_handler" in /var/www/vhosts/minh-emliga-lada.se/caritateperpetua.fr/wp-includes/class-wp-hook.php:307
Stack trace:
#0 /var/www/vhosts/minh-emliga-lada.se/caritateperpetua.fr/wp-includes/class-wp-hook.php(331): WP_Hook->apply_filters()
#1 /var/www/vhosts/minh-emliga-lada.se/caritateperpetua.fr/wp-includes/plugin.php(476): WP_Hook->do_action()
#2 /var/www/vhosts/minh-emliga-lada.se/caritateperpetua.fr/wp-content/plugins/woocommerce/includes/class-wc-api.php(161): do_action()
#3 /var/www/vhosts/minh-emliga-lada.se/caritateperpetua.fr/wp-includes/class-wp-hook.php(307): WC_API->handle_api_requests()
#4 /var/www/vhosts/minh-emliga-lada.se/caritateperpetua.fr/wp-includes/class-wp-hook.php(331): WP_Hook->apply_filters()
#5 /var/www/vhosts/minh-emliga-lada.se/caritateperpetua.fr/wp-includes/plugin.php(524): WP_Hook->do_action()
#6 /var/www/vhosts/minh-emliga-lada.se/caritateperpetua.fr/wp-includes/class-wp.php(398): do_action_ref_array()
#7 /var/www/vhosts/minh-emliga-lada.se/caritateperpetua.fr/wp-includes/class-wp.php(770): WP->parse_request()
#8 /var/www/vhosts/minh-emliga-lada.se/caritateperpetua.fr/wp-includes/functions.php(1330): WP->main()
#9 /var/www/vhosts/minh-emliga-lada.se/caritateperpetua.fr/wp-blog-header.php(16): wp()
#10 /var/www/vhosts/minh-emliga-lada.se/caritateperpetua.fr/index.php(17): require('...')
#11 {main}
  thrown dans /var/www/vhosts/minh-emliga-lada.se/caritateperpetua.fr/wp-includes/class-wp-hook.php à la ligne 307

2022-06-08T08:54:36+00:00 CRITICAL Uncaught TypeError: call_user_func_array(): Argument #1 ($callback) must be a valid callback, class WC_Gateway_Processing does not have a method "callback_handler" in /var/www/vhosts/minh-emliga-lada.se/caritateperpetua.fr/wp-includes/class-wp-hook.php:307
Stack trace:
#0 /var/www/vhosts/minh-emliga-lada.se/caritateperpetua.fr/wp-includes/class-wp-hook.php(331): WP_Hook->apply_filters()
#1 /var/www/vhosts/minh-emliga-lada.se/caritateperpetua.fr/wp-includes/plugin.php(476): WP_Hook->do_action()
#2 /var/www/vhosts/minh-emliga-lada.se/caritateperpetua.fr/wp-content/plugins/woocommerce/includes/class-wc-api.php(161): do_action()
#3 /var/www/vhosts/minh-emliga-lada.se/caritateperpetua.fr/wp-includes/class-wp-hook.php(307): WC_API->handle_api_requests()
#4 /var/www/vhosts/minh-emliga-lada.se/caritateperpetua.fr/wp-includes/class-wp-hook.php(331): WP_Hook->apply_filters()
#5 /var/www/vhosts/minh-emliga-lada.se/caritateperpetua.fr/wp-includes/plugin.php(524): WP_Hook->do_action()
#6 /var/www/vhosts/minh-emliga-lada.se/caritateperpetua.fr/wp-includes/class-wp.php(398): do_action_ref_array()
#7 /var/www/vhosts/minh-emliga-lada.se/caritateperpetua.fr/wp-includes/class-wp.php(770): WP->parse_request()
#8 /var/www/vhosts/minh-emliga-lada.se/caritateperpetua.fr/wp-includes/functions.php(1330): WP->main()
#9 /var/www/vhosts/minh-emliga-lada.se/caritateperpetua.fr/wp-blog-header.php(16): wp()
#10 /var/www/vhosts/minh-emliga-lada.se/caritateperpetua.fr/index.php(17): require('...')
#11 {main}
  thrown dans /var/www/vhosts/minh-emliga-lada.se/caritateperpetua.fr/wp-includes/class-wp-hook.php à la ligne 307

